2025-04-12 18:47:26 | INFO | root | 
⚡ ==================================================
2025-04-12 18:47:26 | INFO | root | ⚡             INICIANDO BOT HALION RP             
2025-04-12 18:47:26 | INFO | root | ⚡ ==================================================
2025-04-12 18:47:26 | INFO | root | 🔄 Iniciando conexão com o Discord...
2025-04-12 18:47:26 | INFO | discord.client | logging in using static token
2025-04-12 18:47:27 | INFO | root | 
📦 ==================================================
2025-04-12 18:47:27 | INFO | root | 📦               CARREGANDO EXTENSÕES              
2025-04-12 18:47:27 | INFO | root | 📦 ==================================================
2025-04-12 18:47:27 | INFO | root | Carregados IDs de cargos permitidos para /comunicados: {1167435486688710696, 1167434693864599609, 1167433701282562058, 1167435200368746526}
2025-04-12 18:47:27 | INFO | cogs.communication | Cog Communication carregado. ID da mensagem: 1360728109351174306.
2025-04-12 18:47:27 | INFO | root | Cog Communication adicionado com sucesso.
2025-04-12 18:47:27 | INFO | root | ✅ Carregado: cogs.communication
2025-04-12 18:47:27 | INFO | root | Cog ModeracaoCog carregado com sucesso.
2025-04-12 18:47:27 | INFO | root | ✅ Carregado: cogs.moderacao
2025-04-12 18:47:27 | INFO | root | ID do canal de Verificação carregado: 1356839873595707492
2025-04-12 18:47:27 | INFO | cogs.verificacao | Verificacao Cog iniciado. Canal alvo ID: 1356839873595707492
2025-04-12 18:47:27 | INFO | cogs.verificacao | View VerificarView registrada para persistência.
2025-04-12 18:47:27 | INFO | cogs.verificacao | Cog VerificacaoCog carregado com sucesso.
2025-04-12 18:47:27 | INFO | root | ✅ Carregado: cogs.verificacao
2025-04-12 18:47:27 | INFO | root | ID do canal de Whitelist carregado: 1171528665599848520
2025-04-12 18:47:27 | INFO | root | Função check_user_has_mod_role importada de cogs.verificacao.
2025-04-12 18:47:27 | INFO | cogs.whitelist | Whitelist Cog iniciado. Canal alvo ID: 1171528665599848520
2025-04-12 18:47:27 | INFO | cogs.whitelist | Cog Whitelist carregado com sucesso.
2025-04-12 18:47:27 | INFO | root | ✅ Carregado: cogs.whitelist
2025-04-12 18:47:27 | INFO | root | ℹ️ Total carregado: 4 | Ignorados: 0
2025-04-12 18:47:27 | INFO | discord.gateway | Shard ID None has connected to Gateway (Session ID: eb7c9ae87d6a435cdb1de3080bbf5b25).
2025-04-12 18:47:29 | INFO | root | 
🤖 ==================================================
2025-04-12 18:47:29 | INFO | root | 🤖              BOT HalionBOT INICIADO             
2025-04-12 18:47:29 | INFO | root | 🤖 ==================================================
2025-04-12 18:47:29 | INFO | root | ✅ ID: 1169666599356223538
2025-04-12 18:47:29 | INFO | root | ✅ Discord.py v2.5.2
2025-04-12 18:47:29 | INFO | root | ✅ Conectado a 1 servidor(es)
2025-04-12 18:47:29 | INFO | root | ✅ Horário (Log Interno): 12/04/2025 18:47:29
2025-04-12 18:47:29 | INFO | root | ✅ Membros em Halion RP: 20
2025-04-12 18:47:31 | INFO | root | ✅ Mensagem de inicialização enviada para o canal de logs
2025-04-12 18:47:31 | INFO | root | 
🔄 ==================================================
2025-04-12 18:47:31 | INFO | root | 🔄           SINCRONIZANDO COMANDOS SLASH          
2025-04-12 18:47:31 | INFO | root | 🔄 ==================================================
2025-04-12 18:47:31 | INFO | root | ✅ Comandos sincronizados para a Guild 1165820860632928286: 4
2025-04-12 18:47:31 | INFO | root | 
🚀 ==================================================
2025-04-12 18:47:31 | INFO | root | 🚀               BOT PRONTO PARA USO               
2025-04-12 18:47:31 | INFO | root | 🚀 ==================================================
2025-04-12 18:47:42 | INFO | cogs.moderacao | jhonross (324634477500432397) usou /excluir para apagar 7 mensagens em #logs-discord (1168518830377685002)
2025-04-12 18:54:20 | INFO | cogs.verificacao | Verificação (botão) ignorada para jhonross: não possui cargo Visitante.
